<?xml version="1.0" encoding="UTF-8"?>
<coverage generated="1716487371331" clover="3.2.0">
  <project timestamp="1716487371332" name="All files">
    <metrics statements="27" coveredstatements="27" conditionals="14" coveredconditionals="14" methods="1" coveredmethods="1" elements="42" coveredelements="42" complexity="0" loc="27" ncloc="27" packages="1" files="1" classes="1"/>
    <file name="detectTriangle.js" path="D:\My College\Kampus Merdeka MSIB\KM-6 SI Dicoding React dan Backend\Demo Coding MSIB\Menjadi React Web Developer Expert\learning-testing-with-tdd\detectTriangle.js">
      <metrics statements="27" coveredstatements="27" conditionals="14" coveredconditionals="14" methods="1" coveredmethods="1"/>
      <line num="1" count="1" type="cond" truecount="1" falsecount="0"/>
      <line num="2" count="18" type="cond" truecount="1" falsecount="0"/>
      <line num="3" count="18" type="stmt"/>
      <line num="4" count="18" type="stmt"/>
      <line num="5" count="18" type="cond" truecount="3" falsecount="0"/>
      <line num="6" count="3" type="stmt"/>
      <line num="7" count="3" type="stmt"/>
      <line num="8" count="15" type="cond" truecount="1" falsecount="0"/>
      <line num="9" count="18" type="cond" truecount="1" falsecount="0"/>
      <line num="10" count="3" type="stmt"/>
      <line num="11" count="3" type="stmt"/>
      <line num="12" count="12" type="cond" truecount="1" falsecount="0"/>
      <line num="13" count="18" type="cond" truecount="1" falsecount="0"/>
      <line num="14" count="3" type="stmt"/>
      <line num="15" count="3" type="stmt"/>
      <line num="16" count="9" type="cond" truecount="1" falsecount="0"/>
      <line num="17" count="18" type="cond" truecount="2" falsecount="0"/>
      <line num="18" count="3" type="stmt"/>
      <line num="19" count="3" type="stmt"/>
      <line num="20" count="18" type="cond" truecount="2" falsecount="0"/>
      <line num="21" count="3" type="stmt"/>
      <line num="22" count="3" type="stmt"/>
      <line num="23" count="3" type="stmt"/>
      <line num="24" count="3" type="stmt"/>
      <line num="25" count="3" type="stmt"/>
      <line num="26" count="1" type="stmt"/>
      <line num="27" count="1" type="stmt"/>
    </file>
  </project>
</coverage>
