{"D:\\My College\\Kampus Merdeka MSIB\\KM-6 SI Dicoding React dan Backend\\Demo Coding MSIB\\Menjadi React Web Developer Expert\\learning-testing-with-tdd\\detectTriangle.js": {"path":"D:\\My College\\Kampus Merdeka MSIB\\KM-6 SI Dicoding React dan Backend\\Demo Coding MSIB\\Menjadi React Web Developer Expert\\learning-testing-with-tdd\\detectTriangle.js","all":false,"statementMap":{"0":{"start":{"line":1,"column":0},"end":{"line":1,"column":37}},"1":{"start":{"line":2,"column":0},"end":{"line":2,"column":46}},"2":{"start":{"line":3,"column":0},"end":{"line":3,"column":0}},"3":{"start":{"line":4,"column":0},"end":{"line":4,"column":35}},"4":{"start":{"line":5,"column":0},"end":{"line":5,"column":80}},"5":{"start":{"line":6,"column":0},"end":{"line":6,"column":46}},"6":{"start":{"line":7,"column":0},"end":{"line":7,"column":3}},"7":{"start":{"line":8,"column":0},"end":{"line":8,"column":0}},"8":{"start":{"line":9,"column":0},"end":{"line":9,"column":15}},"9":{"start":{"line":10,"column":0},"end":{"line":10,"column":55}},"10":{"start":{"line":11,"column":0},"end":{"line":11,"column":3}},"11":{"start":{"line":12,"column":0},"end":{"line":12,"column":0}},"12":{"start":{"line":13,"column":0},"end":{"line":13,"column":19}},"13":{"start":{"line":14,"column":0},"end":{"line":14,"column":69}},"14":{"start":{"line":15,"column":0},"end":{"line":15,"column":3}},"15":{"start":{"line":16,"column":0},"end":{"line":16,"column":0}},"16":{"start":{"line":17,"column":0},"end":{"line":17,"column":27}},"17":{"start":{"line":18,"column":0},"end":{"line":18,"column":32}},"18":{"start":{"line":19,"column":0},"end":{"line":19,"column":3}},"19":{"start":{"line":20,"column":0},"end":{"line":20,"column":27}},"20":{"start":{"line":21,"column":0},"end":{"line":21,"column":32}},"21":{"start":{"line":22,"column":0},"end":{"line":22,"column":3}},"22":{"start":{"line":23,"column":0},"end":{"line":23,"column":0}},"23":{"start":{"line":24,"column":0},"end":{"line":24,"column":30}},"24":{"start":{"line":25,"column":0},"end":{"line":25,"column":2}},"25":{"start":{"line":26,"column":0},"end":{"line":26,"column":0}},"26":{"start":{"line":27,"column":0},"end":{"line":27,"column":30}}},"s":{"0":1,"1":18,"2":18,"3":18,"4":18,"5":3,"6":3,"7":15,"8":18,"9":3,"10":3,"11":12,"12":18,"13":3,"14":3,"15":9,"16":18,"17":3,"18":3,"19":18,"20":3,"21":3,"22":3,"23":3,"24":3,"25":1,"26":1},"branchMap":{"0":{"type":"branch","line":1,"loc":{"start":{"line":1,"column":23},"end":{"line":25,"column":2}},"locations":[{"start":{"line":1,"column":23},"end":{"line":25,"column":2}}]},"1":{"type":"branch","line":5,"loc":{"start":{"line":5,"column":28},"end":{"line":5,"column":52}},"locations":[{"start":{"line":5,"column":28},"end":{"line":5,"column":52}}]},"2":{"type":"branch","line":5,"loc":{"start":{"line":5,"column":53},"end":{"line":5,"column":77}},"locations":[{"start":{"line":5,"column":53},"end":{"line":5,"column":77}}]},"3":{"type":"branch","line":5,"loc":{"start":{"line":5,"column":79},"end":{"line":7,"column":3}},"locations":[{"start":{"line":5,"column":79},"end":{"line":7,"column":3}}]},"4":{"type":"branch","line":8,"loc":{"start":{"line":8,"column":-2},"end":{"line":9,"column":14}},"locations":[{"start":{"line":8,"column":-2},"end":{"line":9,"column":14}}]},"5":{"type":"branch","line":9,"loc":{"start":{"line":9,"column":14},"end":{"line":11,"column":3}},"locations":[{"start":{"line":9,"column":14},"end":{"line":11,"column":3}}]},"6":{"type":"branch","line":12,"loc":{"start":{"line":12,"column":-2},"end":{"line":13,"column":18}},"locations":[{"start":{"line":12,"column":-2},"end":{"line":13,"column":18}}]},"7":{"type":"branch","line":13,"loc":{"start":{"line":13,"column":18},"end":{"line":15,"column":3}},"locations":[{"start":{"line":13,"column":18},"end":{"line":15,"column":3}}]},"8":{"type":"branch","line":16,"loc":{"start":{"line":16,"column":-2},"end":{"line":17,"column":14}},"locations":[{"start":{"line":16,"column":-2},"end":{"line":17,"column":14}}]},"9":{"type":"branch","line":17,"loc":{"start":{"line":17,"column":14},"end":{"line":17,"column":24}},"locations":[{"start":{"line":17,"column":14},"end":{"line":17,"column":24}}]},"10":{"type":"branch","line":17,"loc":{"start":{"line":17,"column":26},"end":{"line":19,"column":3}},"locations":[{"start":{"line":17,"column":26},"end":{"line":19,"column":3}}]},"11":{"type":"branch","line":20,"loc":{"start":{"line":20,"column":-2},"end":{"line":20,"column":24}},"locations":[{"start":{"line":20,"column":-2},"end":{"line":20,"column":24}}]},"12":{"type":"branch","line":20,"loc":{"start":{"line":20,"column":26},"end":{"line":25,"column":2}},"locations":[{"start":{"line":20,"column":26},"end":{"line":25,"column":2}}]},"13":{"type":"branch","line":2,"loc":{"start":{"line":2,"column":29},"end":{"line":2,"column":44}},"locations":[{"start":{"line":2,"column":29},"end":{"line":2,"column":44}}]}},"b":{"0":[18],"1":[17],"2":[16],"3":[3],"4":[15],"5":[3],"6":[12],"7":[3],"8":[9],"9":[3],"10":[3],"11":[6],"12":[3],"13":[47]},"fnMap":{"0":{"name":"detectTriangle","decl":{"start":{"line":1,"column":23},"end":{"line":25,"column":2}},"loc":{"start":{"line":1,"column":23},"end":{"line":25,"column":2}},"line":1}},"f":{"0":18}}
}
